-------------------------------------------------------------------------------
Test set: br.cefetrj.mg.bsi.vocealuga.exception.ModelExceptionTest
-------------------------------------------------------------------------------
Tests run: 1, Failures: 1, Errors: 0, Skipped: 0, Time elapsed: 0.043 s <<< FAILURE! - in br.cefetrj.mg.bsi.vocealuga.exception.ModelExceptionTest
test  Time elapsed: 0.028 s  <<< FAILURE!
org.opentest4j.AssertionFailedError: Not yet implemented
	at br.cefetrj.mg.bsi.vocealuga.exception.ModelExceptionTest.test(ModelExceptionTest.java:11)

