<?xml version="1.0" encoding="UTF-8"?>
<testsuite xmlns:xsi="http://www.w3.org/2001/XMLSchema-instance" xsi:noNamespaceSchemaLocation="https://maven.apache.org/surefire/maven-surefire-plugin/xsd/surefire-test-report.xsd" name="br.cefetrj.mg.bsi.vocealuga.config.ConnectionFactoryTest" time="0.005" tests="6" errors="0" skipped="0" failures="2">
  <properties>
[...]
</properties>
  <testcase name="testIfDatabasePropertiesIfExist" classname="br.cefetrj.mg.bsi.vocealuga.config.ConnectionFactoryTest" time="0.001"/>
  <testcase name="testGetValueOfDatabaseHost" classname="br.cefetrj.mg.bsi.vocealuga.config.ConnectionFactoryTest" time="0">
    <failure message="expected: &lt;localhost&gt; but was: &lt;mariadb-vocealuga&gt;" type="org.opentest4j.AssertionFailedError"><![CDATA[org.opentest4j.AssertionFailedError: expected: <localhost> but was: <mariadb-vocealuga>
	at br.cefetrj.mg.bsi.vocealuga.config.ConnectionFactoryTest.testGetValueOfDatabaseHost(ConnectionFactoryTest.java:42)
]]></failure>
  </testcase>
  <testcase name="testGetValueOfDatabaseName" classname="br.cefetrj.mg.bsi.vocealuga.config.ConnectionFactoryTest" time="0"/>
  <testcase name="testGetValueOfDatabasePassword" classname="br.cefetrj.mg.bsi.vocealuga.config.ConnectionFactoryTest" time="0"/>
  <testcase name="testIfDatabasePropertiesIfExistWithFileName" classname="br.cefetrj.mg.bsi.vocealuga.config.ConnectionFactoryTest" time="0"/>
  <testcase name="testGetUrl" classname="br.cefetrj.mg.bsi.vocealuga.config.ConnectionFactoryTest" time="0">
    <failure message="expected: &lt;jdbc:mysql://localhost:3305/vocealuga&gt; but was: &lt;jdbc:mysql://mariadb-vocealuga:3306/vocealuga&gt;" type="org.opentest4j.AssertionFailedError"><![CDATA[org.opentest4j.AssertionFailedError: expected: <jdbc:mysql://localhost:3305/vocealuga> but was: <jdbc:mysql://mariadb-vocealuga:3306/vocealuga>
	at br.cefetrj.mg.bsi.vocealuga.config.ConnectionFactoryTest.testGetUrl(ConnectionFactoryTest.java:48)
]]></failure>
  </testcase>
</testsuite>